<?xml version="1.0" encoding="UTF-8"?>
<!-- Generated by org.testng.reporters.JUnitReportReporter -->
<testsuite name="com.saucelabs.example.TestSetup" tests="2" time="77.104" ignored="0" failures="0" timestamp="22 Oct 2019 14:38:55 GMT" skipped="0" hostname="SL-1155.attlocal.net" errors="0">
  <testcase name="IanFtwoPlusThreeOperation" time="38.981" classname="com.saucelabs.example.TestSetup"/>
  <testcase name="IanFtwoPlusThreeOperation" time="38.123" classname="com.saucelabs.example.TestSetup"/>
</testsuite> <!-- com.saucelabs.example.TestSetup -->
